<?xml version="1.0" encoding="UTF-8"?>
<!-- Generated by org.testng.reporters.JUnitReportReporter -->
<testsuite hostname="DESKTOP-DKB32LH" failures="0" tests="2" name="com.ecommerce.testCases.Verify_SortingTest" time="14.811" errors="0" timestamp="2022-10-13T10:10:42 IST" skipped="0">
  <testcase classname="com.ecommerce.testCases.Verify_SortingTest" name="Verify_SortingTestStarted" time="0.003"/>
  <system-out/>
  <testcase classname="com.ecommerce.testCases.Verify_SortingTest" name="verify" time="14.808"/>
  <system-out/>
</testsuite> <!-- com.ecommerce.testCases.Verify_SortingTest -->
