<?xml version="1.0" encoding="UTF-8"?>
<!-- Generated by org.testng.reporters.JUnitReportReporter -->
<testsuite hostname="DESKTOP-DKB32LH" failures="0" tests="2" name="com.ecommerce.testCases.LoginTest" time="4.988" errors="0" timestamp="2022-10-13T10:10:42 IST" skipped="0">
  <testcase classname="com.ecommerce.testCases.LoginTest" name="LoginTestStarted" time="0.004"/>
  <system-out/>
  <testcase classname="com.ecommerce.testCases.LoginTest" name="loginDetails" time="4.984"/>
  <system-out/>
</testsuite> <!-- com.ecommerce.testCases.LoginTest -->
