<?xml version="1.0" encoding="UTF-8"?>
<!-- Generated by org.testng.reporters.JUnitReportReporter -->
<testsuite hostname="DESKTOP-DKB32LH" failures="0" tests="2" name="com.ecommerce.testCases.SummerDressesTest" time="17.408" errors="0" timestamp="2022-10-13T10:10:42 IST" skipped="0">
  <testcase classname="com.ecommerce.testCases.SummerDressesTest" name="SummerDressesTestStarted" time="0.003"/>
  <system-out/>
  <testcase classname="com.ecommerce.testCases.SummerDressesTest" name="login" time="17.405"/>
  <system-out/>
</testsuite> <!-- com.ecommerce.testCases.SummerDressesTest -->
