<?xml version="1.0" encoding="UTF-8"?>
<!-- Generated by org.testng.reporters.JUnitReportReporter -->
<testsuite hostname="DESKTOP-DKB32LH" failures="0" tests="2" name="com.ecommerce.testCases.AccountcreateTest" time="11.505" errors="0" timestamp="2022-10-13T10:10:42 IST" skipped="0">
  <testcase classname="com.ecommerce.testCases.AccountcreateTest" name="createAccount" time="3.315"/>
  <system-out/>
  <testcase classname="com.ecommerce.testCases.AccountcreateTest" name="createNewAccount" time="8.190"/>
  <system-out/>
</testsuite> <!-- com.ecommerce.testCases.AccountcreateTest -->
