<?xml version="1.0" encoding="UTF-8"?>
<!-- Generated by org.testng.reporters.JUnitReportReporter -->
<testsuite hostname="DESKTOP-DKB32LH" failures="0" tests="4" name="com.ecommerce.testCases.CheckoutTest" time="30.796" errors="0" timestamp="2022-10-13T10:10:42 IST" skipped="0">
  <testcase classname="com.ecommerce.testCases.CheckoutTest" name="checkoutTestStarted" time="0.003"/>
  <system-out/>
  <testcase classname="com.ecommerce.testCases.CheckoutTest" name="login" time="13.813"/>
  <system-out/>
  <testcase classname="com.ecommerce.testCases.CheckoutTest" name="endtoendTest" time="12.691"/>
  <system-out/>
  <testcase classname="com.ecommerce.testCases.CheckoutTest" name="order_confirmation" time="4.289"/>
  <system-out/>
</testsuite> <!-- com.ecommerce.testCases.CheckoutTest -->
