<?xml version="1.0" encoding="UTF-8"?>
<!-- Generated by org.testng.reporters.JUnitReportReporter -->
<testsuite hostname="DESKTOP-DKB32LH" failures="0" tests="1" name="com.ecommerce.testCases.IndexTest" time="2.474" errors="0" timestamp="2022-10-13T10:10:42 IST" skipped="0">
  <testcase classname="com.ecommerce.testCases.IndexTest" name="verify_indexPage" time="2.474"/>
  <system-out/>
</testsuite> <!-- com.ecommerce.testCases.IndexTest -->
